<?xml version="1.0" encoding="UTF-8"?>
<!-- Generated by org.testng.reporters.JUnitReportReporter -->
<testsuite hostname="LAPTOP-L3J7KBEK" failures="0" tests="3" name="com.PB.PageTest.PB_RequestLoanPageTest" time="0.923" errors="0" timestamp="2023-04-24T12:02:37 IST" skipped="0">
  <testcase classname="com.PB.PageTest.PB_RequestLoanPageTest" name="geturlTest" time="0.014"/>
  <system-out/>
  <testcase classname="com.PB.PageTest.PB_RequestLoanPageTest" name="HeadertextTest" time="0.049"/>
  <system-out/>
  <testcase classname="com.PB.PageTest.PB_RequestLoanPageTest" name="LoanRequestProcessTest" time="0.860"/>
  <system-out/>
</testsuite> <!-- com.PB.PageTest.PB_RequestLoanPageTest -->
