<?xml version="1.0" encoding="UTF-8"?>
<!-- Generated by org.testng.reporters.JUnitReportReporter -->
<testsuite hostname="LAPTOP-L3J7KBEK" failures="0" tests="5" name="com.PB.PageTest.PB_HomePageTest" time="0.547" errors="0" timestamp="2023-05-04T23:19:07 IST" skipped="0">
  <testcase classname="com.PB.PageTest.PB_HomePageTest" name="currenturlTest" time="0.016"/>
  <system-out/>
  <testcase classname="com.PB.PageTest.PB_HomePageTest" name="headertextTest" time="0.033"/>
  <system-out/>
  <testcase classname="com.PB.PageTest.PB_HomePageTest" name="totallinkscountTest" time="0.351"/>
  <system-out/>
  <testcase classname="com.PB.PageTest.PB_HomePageTest" name="headerlinkscountTest" time="0.067"/>
  <system-out/>
  <testcase classname="com.PB.PageTest.PB_HomePageTest" name="welcomelinkstextTest" time="0.080"/>
  <system-out/>
</testsuite> <!-- com.PB.PageTest.PB_HomePageTest -->
