<?xml version="1.0" encoding="UTF-8"?>
<!-- Generated by org.testng.reporters.JUnitReportReporter -->
<testsuite hostname="LAPTOP-L3J7KBEK" failures="0" tests="3" name="com.PB.PageTest.PB_FindTransactionPageTest" time="0.116" errors="0" timestamp="2023-05-04T23:19:07 IST" skipped="0">
  <testcase classname="com.PB.PageTest.PB_FindTransactionPageTest" name="geturlTest" time="0.005"/>
  <system-out/>
  <testcase classname="com.PB.PageTest.PB_FindTransactionPageTest" name="Find_headerPagetextTest" time="0.039"/>
  <system-out/>
  <testcase classname="com.PB.PageTest.PB_FindTransactionPageTest" name="drop_optTest" time="0.072"/>
  <system-out/>
</testsuite> <!-- com.PB.PageTest.PB_FindTransactionPageTest -->
