<?xml version="1.0" encoding="UTF-8"?>
<!-- Generated by org.testng.reporters.JUnitReportReporter -->
<testsuite hostname="LAPTOP-L3J7KBEK" failures="0" tests="5" name="com.PB.PageTest.PB_AdminpageTest" time="0.679" errors="0" timestamp="2023-05-04T23:19:07 IST" skipped="0">
  <testcase classname="com.PB.PageTest.PB_AdminpageTest" name="getadminpage_urlTest" time="0.005"/>
  <system-out/>
  <testcase classname="com.PB.PageTest.PB_AdminpageTest" name="admin_paheheaderTest" time="0.050"/>
  <system-out/>
  <testcase classname="com.PB.PageTest.PB_AdminpageTest" name="admintableheading_textTest" time="0.080"/>
  <system-out/>
  <testcase classname="com.PB.PageTest.PB_AdminpageTest" name="tablecountTest" time="0.011"/>
  <system-out/>
  <testcase classname="com.PB.PageTest.PB_AdminpageTest" name="databaseTextTest" time="0.533"/>
  <system-out/>
</testsuite> <!-- com.PB.PageTest.PB_AdminpageTest -->
