<?xml version="1.0" encoding="UTF-8"?>
<!-- Generated by org.testng.reporters.JUnitReportReporter -->
<testsuite hostname="LAPTOP-L3J7KBEK" failures="0" tests="3" name="com.PB.PageTest.PB_Upadate_contact_infopageTest" time="1.348" errors="0" timestamp="2023-05-04T23:19:07 IST" skipped="0">
  <testcase classname="com.PB.PageTest.PB_Upadate_contact_infopageTest" name="getpageurl" time="0.006"/>
  <system-out/>
  <testcase classname="com.PB.PageTest.PB_Upadate_contact_infopageTest" name="Page_headerTest" time="0.044"/>
  <system-out/>
  <testcase classname="com.PB.PageTest.PB_Upadate_contact_infopageTest" name="updatedSuccesfullyTest" time="1.298"/>
  <system-out/>
</testsuite> <!-- com.PB.PageTest.PB_Upadate_contact_infopageTest -->
