<?xml version="1.0" encoding="UTF-8"?>
<!-- Generated by org.testng.reporters.JUnitReportReporter -->
<testsuite hostname="LAPTOP-L3J7KBEK" failures="0" tests="2" name="com.PB.PageTest.PB_LogoutPageTest" time="0.054" errors="0" timestamp="2023-05-04T23:19:07 IST" skipped="0">
  <testcase classname="com.PB.PageTest.PB_LogoutPageTest" name="getloginpageURLTest" time="0.013"/>
  <system-out/>
  <testcase classname="com.PB.PageTest.PB_LogoutPageTest" name="getpageTitleTest" time="0.041"/>
  <system-out/>
</testsuite> <!-- com.PB.PageTest.PB_LogoutPageTest -->
