<?xml version="1.0" encoding="UTF-8"?>
<!-- Generated by org.testng.reporters.JUnitReportReporter -->
<testsuite hostname="LAPTOP-L3J7KBEK" failures="0" tests="3" name="com.PB.PageTest.PB_OpenNewAccountPageTest" time="10.266" errors="0" timestamp="2023-05-04T23:19:07 IST" skipped="0">
  <testcase classname="com.PB.PageTest.PB_OpenNewAccountPageTest" name="currenurlTest" time="0.006"/>
  <system-out/>
  <testcase classname="com.PB.PageTest.PB_OpenNewAccountPageTest" name="headertextTest" time="0.032"/>
  <system-out/>
  <testcase classname="com.PB.PageTest.PB_OpenNewAccountPageTest" name="createAccountTest" time="10.228"/>
  <system-out/>
</testsuite> <!-- com.PB.PageTest.PB_OpenNewAccountPageTest -->
