<?xml version="1.0" encoding="UTF-8"?>
<!-- Generated by org.testng.reporters.JUnitReportReporter -->
<testsuite hostname="LAPTOP-L3J7KBEK" failures="0" tests="10" name="com.PB.PageTest.PB_AccountOverviewPageTest" time="5.068" errors="0" timestamp="2023-05-04T23:19:07 IST" skipped="0">
  <testcase classname="com.PB.PageTest.PB_AccountOverviewPageTest" name="currenturlTest" time="0.009"/>
  <system-out/>
  <testcase classname="com.PB.PageTest.PB_AccountOverviewPageTest" name="headertextTest" time="0.027"/>
  <system-out/>
  <testcase classname="com.PB.PageTest.PB_AccountOverviewPageTest" name="Tablecol_countTest" time="0.046"/>
  <system-out/>
  <testcase classname="com.PB.PageTest.PB_AccountOverviewPageTest" name="Tablecol_TextTest" time="0.037"/>
  <system-out/>
  <testcase classname="com.PB.PageTest.PB_AccountOverviewPageTest" name="Table_col_textTest" time="0.020"/>
  <system-out/>
  <testcase classname="com.PB.PageTest.PB_AccountOverviewPageTest" name="check_balanceTest" time="0.029"/>
  <system-out/>
  <testcase classname="com.PB.PageTest.PB_AccountOverviewPageTest" name="AccountverifyTest" time="4.090"/>
  <system-out/>
  <testcase classname="com.PB.PageTest.PB_AccountOverviewPageTest" name="Acc_headerTest" time="0.027"/>
  <system-out/>
  <testcase classname="com.PB.PageTest.PB_AccountOverviewPageTest" name="AccountTypeverifyTest" time="0.024"/>
  <system-out/>
  <testcase classname="com.PB.PageTest.PB_AccountOverviewPageTest" name="acc_activityTest" time="0.759"/>
  <system-out/>
</testsuite> <!-- com.PB.PageTest.PB_AccountOverviewPageTest -->
