<?xml version="1.0" encoding="UTF-8"?>
<!-- Generated by org.testng.reporters.JUnitReportReporter -->
<testsuite hostname="LAPTOP-L3J7KBEK" failures="0" tests="5" name="com.PB.PageTest.PB_FooterpageTest" time="3.633" errors="0" timestamp="2023-05-04T23:19:07 IST" skipped="0">
  <testcase classname="com.PB.PageTest.PB_FooterpageTest" name="footer_link_countTest" time="0.023"/>
  <system-out/>
  <testcase classname="com.PB.PageTest.PB_FooterpageTest" name="footer_textTest" time="0.138"/>
  <system-out/>
  <testcase classname="com.PB.PageTest.PB_FooterpageTest" name="services_linksTest" time="0.709"/>
  <system-out/>
  <testcase classname="com.PB.PageTest.PB_FooterpageTest" name="customer_careTest" time="1.917"/>
  <system-out/>
  <testcase classname="com.PB.PageTest.PB_FooterpageTest" name="customer_care_requestTest" time="0.846"/>
  <system-out/>
</testsuite> <!-- com.PB.PageTest.PB_FooterpageTest -->
