<?xml version="1.0" encoding="UTF-8"?>
<!-- Generated by org.testng.reporters.JUnitReportReporter -->
<testsuite hostname="LAPTOP-L3J7KBEK" failures="0" tests="4" name="com.PB.PageTest.PB_ServicesPageTest" time="0.183" errors="0" timestamp="2023-05-04T23:19:07 IST" skipped="0">
  <testcase classname="com.PB.PageTest.PB_ServicesPageTest" name="getcurrent_urlTest" time="0.006"/>
  <system-out/>
  <testcase classname="com.PB.PageTest.PB_ServicesPageTest" name="last_table_headingTest" time="0.057"/>
  <system-out/>
  <testcase classname="com.PB.PageTest.PB_ServicesPageTest" name="tablecountTest" time="0.026"/>
  <system-out/>
  <testcase classname="com.PB.PageTest.PB_ServicesPageTest" name="Table1textTest" time="0.094"/>
  <system-out/>
</testsuite> <!-- com.PB.PageTest.PB_ServicesPageTest -->
