<?xml version="1.0" encoding="UTF-8"?>
<!-- Generated by org.testng.reporters.JUnitReportReporter -->
<testsuite hostname="LAPTOP-L3J7KBEK" failures="0" tests="8" name="com.PB.PageTest.PB_LoginpageTest" time="4.290" errors="0" timestamp="2023-05-04T23:19:07 IST" skipped="0">
  <testcase classname="com.PB.PageTest.PB_LoginpageTest" name="currenturlTest" time="0.014"/>
  <system-out/>
  <testcase classname="com.PB.PageTest.PB_LoginpageTest" name="headertextTest" time="0.035"/>
  <system-out/>
  <testcase classname="com.PB.PageTest.PB_LoginpageTest" name="errormsgTest" time="0.895"/>
  <system-out/>
  <testcase classname="com.PB.PageTest.PB_LoginpageTest" name="errtextTest" time="0.652"/>
  <system-out/>
  <testcase classname="com.PB.PageTest.PB_LoginpageTest" name="invalidloginTest" time="0.527"/>
  <system-out/>
  <testcase classname="com.PB.PageTest.PB_LoginpageTest" name="invalidloginTest1" time="0.519"/>
  <system-out/>
  <testcase classname="com.PB.PageTest.PB_LoginpageTest" name="invalidloginTest2" time="0.575"/>
  <system-out/>
  <testcase classname="com.PB.PageTest.PB_LoginpageTest" name="successfullLoginTest" time="1.073"/>
  <system-out/>
</testsuite> <!-- com.PB.PageTest.PB_LoginpageTest -->
