<?xml version="1.0" encoding="UTF-8"?>
<!-- Generated by org.testng.reporters.JUnitReportReporter -->
<testsuite hostname="LAPTOP-L3J7KBEK" failures="0" tests="3" name="com.PB.PageTest.PB_TransferFundsPageTest" time="5.687" errors="0" timestamp="2023-05-04T23:19:07 IST" skipped="0">
  <testcase classname="com.PB.PageTest.PB_TransferFundsPageTest" name="getpageurlTest" time="0.005"/>
  <system-out/>
  <testcase classname="com.PB.PageTest.PB_TransferFundsPageTest" name="pageheadertextTest" time="0.055"/>
  <system-out/>
  <testcase classname="com.PB.PageTest.PB_TransferFundsPageTest" name="errormsgTest" time="5.627"/>
  <system-out/>
</testsuite> <!-- com.PB.PageTest.PB_TransferFundsPageTest -->
