<?xml version="1.0" encoding="UTF-8"?>
<!-- Generated by org.testng.reporters.JUnitReportReporter -->
<testsuite hostname="LAPTOP-L3J7KBEK" failures="0" tests="6" name="com.PB.PageTest.PB_BillPayTest" time="1.106" errors="0" timestamp="2023-05-04T23:19:07 IST" skipped="0">
  <testcase classname="com.PB.PageTest.PB_BillPayTest" name="geturlTest" time="0.007"/>
  <system-out/>
  <testcase classname="com.PB.PageTest.PB_BillPayTest" name="PageheaderTest" time="0.046"/>
  <system-out/>
  <testcase classname="com.PB.PageTest.PB_BillPayTest" name="inform_textTest" time="0.038"/>
  <system-out/>
  <testcase classname="com.PB.PageTest.PB_BillPayTest" name="requiredfieldsTest" time="0.062"/>
  <system-out/>
  <testcase classname="com.PB.PageTest.PB_BillPayTest" name="requiredfieldsTextTest" time="0.131"/>
  <system-out/>
  <testcase classname="com.PB.PageTest.PB_BillPayTest" name="PaymentcompleteTest" time="0.822"/>
  <system-out/>
</testsuite> <!-- com.PB.PageTest.PB_BillPayTest -->
